<?xml version="1.0" encoding="UTF-8"?>
<coverage generated="1610073782536" clover="3.2.0">
  <project timestamp="1610073782536" name="All files">
    <metrics statements="3" coveredstatements="0" conditionals="0" coveredconditionals="0" methods="1" coveredmethods="0" elements="4" coveredelements="0" complexity="0" loc="3" ncloc="3" packages="1" files="1" classes="1"/>
    <file name="index.vue" path="C:\Users\haruhikosatou\Documents\MA-GO-main\pages\index.vue">
      <metrics statements="3" coveredstatements="0" conditionals="0" coveredconditionals="0" methods="1" coveredmethods="0"/>
      <line num="11" count="0" type="stmt"/>
      <line num="17" count="0" type="stmt"/>
      <line num="18" count="0" type="stmt"/>
    </file>
  </project>
</coverage>
